<?xml version="1.0" encoding="UTF-8"?>
<testsuite xmlns:xsi="http://www.w3.org/2001/XMLSchema-instance" xsi:noNamespaceSchemaLocation="https://maven.apache.org/surefire/maven-surefire-plugin/xsd/surefire-test-report.xsd" name="com.zookao.AppTest" time="0.081" tests="1" errors="0" skipped="0" failures="0">
  <properties>
    <property name="sun.desktop" value="windows"/>
    <property name="awt.toolkit" value="sun.awt.windows.WToolkit"/>
    <property name="file.encoding.pkg" value="sun.io"/>
    <property name="java.specification.version" value="1.8"/>
    <property name="sun.cpu.isalist" value="amd64"/>
    <property name="sun.jnu.encoding" value="GBK"/>
    <property name="java.class.path" value="D:\javaCode\javastudy\premainAgentJar\target\test-classes;D:\javaCode\javastudy\premainAgentJar\target\classes;C:\Users\czc\.m2\repository\junit\junit\4.11\junit-4.11.jar;C:\Users\czc\.m2\repository\org\hamcrest\hamcrest-core\1.3\hamcrest-core-1.3.jar;"/>
    <property name="java.vm.vendor" value="Oracle Corporation"/>
    <property name="sun.arch.data.model" value="64"/>
    <property name="user.variant" value=""/>
    <property name="java.vendor.url" value="http://java.oracle.com/"/>
    <property name="user.timezone" value="Asia/Shanghai"/>
    <property name="java.vm.specification.version" value="1.8"/>
    <property name="os.name" value="Windows 10"/>
    <property name="user.country" value="CN"/>
    <property name="sun.java.launcher" value="SUN_STANDARD"/>
    <property name="sun.boot.library.path" value="D:\Program Files\Java\jdk1.8.0_291\jre\bin"/>
    <property name="sun.java.command" value="C:\Users\czc\AppData\Local\Temp\surefire3319327714253998663\surefirebooter2867478424959608173.jar C:\Users\czc\AppData\Local\Temp\surefire3319327714253998663 2021-11-23T10-49-44_410-jvmRun1 surefire1415821134041315067tmp surefire_04587543811600950253tmp"/>
    <property name="surefire.test.class.path" value="D:\javaCode\javastudy\premainAgentJar\target\test-classes;D:\javaCode\javastudy\premainAgentJar\target\classes;C:\Users\czc\.m2\repository\junit\junit\4.11\junit-4.11.jar;C:\Users\czc\.m2\repository\org\hamcrest\hamcrest-core\1.3\hamcrest-core-1.3.jar;"/>
    <property name="sun.cpu.endian" value="little"/>
    <property name="user.home" value="C:\Users\czc"/>
    <property name="user.language" value="zh"/>
    <property name="java.specification.vendor" value="Oracle Corporation"/>
    <property name="java.home" value="D:\Program Files\Java\jdk1.8.0_291\jre"/>
    <property name="basedir" value="D:\javaCode\javastudy\premainAgentJar"/>
    <property name="file.separator" value="\"/>
    <property name="line.separator" value="&#10;"/>
    <property name="java.vm.specification.vendor" value="Oracle Corporation"/>
    <property name="java.specification.name" value="Java Platform API Specification"/>
    <property name="java.awt.graphicsenv" value="sun.awt.Win32GraphicsEnvironment"/>
    <property name="surefire.real.class.path" value="C:\Users\czc\AppData\Local\Temp\surefire3319327714253998663\surefirebooter2867478424959608173.jar"/>
    <property name="sun.boot.class.path" value="D:\Program Files\Java\jdk1.8.0_291\jre\lib\resources.jar;D:\Program Files\Java\jdk1.8.0_291\jre\lib\rt.jar;D:\Program Files\Java\jdk1.8.0_291\jre\lib\sunrsasign.jar;D:\Program Files\Java\jdk1.8.0_291\jre\lib\jsse.jar;D:\Program Files\Java\jdk1.8.0_291\jre\lib\jce.jar;D:\Program Files\Java\jdk1.8.0_291\jre\lib\charsets.jar;D:\Program Files\Java\jdk1.8.0_291\jre\lib\jfr.jar;D:\Program Files\Java\jdk1.8.0_291\jre\classes"/>
    <property name="user.script" value=""/>
    <property name="sun.management.compiler" value="HotSpot 64-Bit Tiered Compilers"/>
    <property name="java.runtime.version" value="1.8.0_291-b10"/>
    <property name="user.name" value="czc"/>
    <property name="path.separator" value=";"/>
    <property name="os.version" value="10.0"/>
    <property name="java.endorsed.dirs" value="D:\Program Files\Java\jdk1.8.0_291\jre\lib\endorsed"/>
    <property name="java.runtime.name" value="Java(TM) SE Runtime Environment"/>
    <property name="file.encoding" value="GBK"/>
    <property name="java.vm.name" value="Java HotSpot(TM) 64-Bit Server VM"/>
    <property name="localRepository" value="C:\Users\czc\.m2\repository"/>
    <property name="java.vendor.url.bug" value="http://bugreport.sun.com/bugreport/"/>
    <property name="java.io.tmpdir" value="C:\Users\czc\AppData\Local\Temp\"/>
    <property name="idea.version" value="2021.2.1"/>
    <property name="java.version" value="1.8.0_291"/>
    <property name="user.dir" value="D:\javaCode\javastudy\premainAgentJar"/>
    <property name="os.arch" value="amd64"/>
    <property name="java.vm.specification.name" value="Java Virtual Machine Specification"/>
    <property name="java.awt.printerjob" value="sun.awt.windows.WPrinterJob"/>
    <property name="sun.os.patch.level" value=""/>
    <property name="java.library.path" value="D:\Program Files\Java\jdk1.8.0_291\jre\bin;C:\Windows\Sun\Java\bin;C:\Windows\system32;C:\Windows;C:\Program Files (x86)\Common Files\Oracle\Java\javapath;C:\Python39\Scripts\;C:\Python39\;D:\Program Files (x86)\NetSarang\Xshell 6\;C:\Windows\system32;C:\Windows;C:\Windows\System32\Wbem;C:\Windows\System32\WindowsPowerShell\v1.0\;C:\Windows\System32\OpenSSH\;d:\Program Files\Git\cmd;C:\Program Files (x86)\Intel\Intel(R) Management Engine Components\DAL;C:\Program Files\Intel\Intel(R) Management Engine Components\DAL;D:\Program Files (x86)\phpEnv\php\php-7.3;D:\Program Files (x86)\phpEnv\tools\Composer;D:\Program Files (x86)\Go\bin;D:\Program Files (x86)\NetSarang\Xmanager 7\;C:\Program Files\dotnet\;C:\ProgramData\chocolatey\bin;D:\Program Files\Java\jdk1.8.0_291\bin;D:\Program Files\Apache Software Foundation\apache-maven-3.8.3\bin\;C:\Users\czc\AppData\Local\Microsoft\WindowsApps;d:\Program Files\Bandizip\;d:\Program Files\JetBrains\PhpStorm 2019.3.1\bin;C:\Users\czc\AppData\Local\BypassRuntm;D:\Program Files (x86)\Fiddler;d:\Program Files\JetBrains\DataGrip 2020.1.5\bin;;C:\Users\czc\go\bin;d:\Program Files\JetBrains\PyCharm Community Edition 2020.2.3\bin;;D:\Program Files (x86)\Microsoft VS Code\bin;C:\Users\czc\AppData\Roaming\npm;d:\Program Files\JetBrains\IntelliJ IDEA 2021.2.1\bin;;C:\Users\czc\apps\gsudo;."/>
    <property name="java.vm.info" value="mixed mode"/>
    <property name="java.vendor" value="Oracle Corporation"/>
    <property name="java.vm.version" value="25.291-b10"/>
    <property name="java.ext.dirs" value="D:\Program Files\Java\jdk1.8.0_291\jre\lib\ext;C:\Windows\Sun\Java\lib\ext"/>
    <property name="sun.io.unicode.encoding" value="UnicodeLittle"/>
    <property name="maven.repo.local" value="C:\Users\czc\.m2\repository"/>
    <property name="java.class.version" value="52.0"/>
  </properties>
  <testcase name="shouldAnswerWithTrue" classname="com.zookao.AppTest" time="0.003"/>
</testsuite>